{
  "RSpec": {
    "coverage": {
      "/media/ExternalSD/Other/RoR/ratebeer/app/models/user.rb": [
        1,
        1,
        null,
        1,
        null,
        1,
        1,
        1,
        1,
        null,
        1,
        13,
        null,
        null,
        1,
        1,
        1,
        20,
        20,
        null,
        1,
        6,
        3,
        null,
        null,
        null,
        1,
        13,
        12,
        null,
        null,
        1,
        13,
        null,
        null,
        1,
        13,
        null,
        null,
        1,
        0,
        null,
        null,
        1,
        0,
        null,
        null,
        1,
        62,
        null,
        null,
        1,
        26,
        null,
        24,
        null,
        null,
        30,
        null,
        null,
        54,
        null,
        null,
        1,
        30,
        54,
        null,
        30,
        null,
        null,
        1,
        0,
        0,
        null,
        0,
        null,
        null,
        1,
        0,
        0,
        null,
        0,
        null,
        null,
        null,
        null
      ],
      "/media/ExternalSD/Other/RoR/ratebeer/app/models/concerns/rating_average.rb": [
        1,
        1,
        null,
        null,
        1,
        null,
        32,
        35,
        32,
        12,
        11,
        null,
        20,
        null,
        null,
        null,
        null
      ],
      "/media/ExternalSD/Other/RoR/ratebeer/app/models/concerns/rounder.rb": [
        1,
        1,
        null,
        1,
        null,
        1,
        8,
        null,
        null,
        null
      ],
      "/media/ExternalSD/Other/RoR/ratebeer/app/models/rating.rb": [
        1,
        1,
        1,
        null,
        1,
        null,
        1,
        null,
        null,
        null,
        4,
        null,
        1,
        7,
        null,
        null,
        null
      ],
      "/media/ExternalSD/Other/RoR/ratebeer/app/helpers/application_helper.rb": [
        1,
        1,
        0,
        0,
        0,
        null,
        0,
        null,
        null,
        null
      ],
      "/media/ExternalSD/Other/RoR/ratebeer/app/helpers/beer_clubs_helper.rb": [
        1,
        null
      ],
      "/media/ExternalSD/Other/RoR/ratebeer/app/helpers/beers_helper.rb": [
        1,
        null
      ],
      "/media/ExternalSD/Other/RoR/ratebeer/app/helpers/breweries_helper.rb": [
        1,
        null
      ],
      "/media/ExternalSD/Other/RoR/ratebeer/app/helpers/memberships_helper.rb": [
        1,
        null
      ],
      "/media/ExternalSD/Other/RoR/ratebeer/app/helpers/styles_helper.rb": [
        1,
        null
      ],
      "/media/ExternalSD/Other/RoR/ratebeer/app/helpers/users_helper.rb": [
        1,
        null
      ],
      "/media/ExternalSD/Other/RoR/ratebeer/app/models/beer_club.rb": [
        1,
        1,
        1,
        null,
        null,
        1,
        0,
        null,
        null,
        null,
        null
      ],
      "/media/ExternalSD/Other/RoR/ratebeer/app/controllers/beer_clubs_controller.rb": [
        1,
        1,
        1,
        null,
        null,
        null,
        1,
        0,
        null,
        null,
        null,
        null,
        1,
        0,
        0,
        0,
        null,
        0,
        0,
        null,
        null,
        null,
        null,
        null,
        1,
        0,
        null,
        null,
        null,
        1,
        null,
        null,
        null,
        null,
        1,
        0,
        null,
        0,
        0,
        0,
        0,
        0,
        0,
        null,
        0,
        0,
        null,
        null,
        null,
        null,
        null,
        null,
        1,
        0,
        0,
        0,
        0,
        null,
        0,
        0,
        null,
        null,
        null,
        null,
        null,
        null,
        1,
        0,
        0,
        0,
        0,
        null,
        null,
        null,
        1,
        0,
        0,
        0,
        0,
        0,
        null,
        0,
        null,
        null,
        1,
        null,
        1,
        0,
        null,
        null,
        null,
        1,
        0,
        null,
        null
      ],
      "/media/ExternalSD/Other/RoR/ratebeer/app/controllers/application_controller.rb": [
        1,
        null,
        null,
        1,
        null,
        null,
        1,
        null,
        1,
        142,
        111,
        null,
        null,
        1,
        4,
        0,
        4,
        0,
        null,
        4,
        null,
        null,
        null,
        null
      ],
      "/media/ExternalSD/Other/RoR/ratebeer/app/models/beer.rb": [
        1,
        1,
        null,
        1,
        1,
        null,
        1,
        1,
        1,
        1,
        null,
        null,
        1,
        2,
        null,
        null,
        1,
        9,
        3,
        null,
        null,
        null,
        null
      ],
      "/media/ExternalSD/Other/RoR/ratebeer/app/models/brewery.rb": [
        1,
        1,
        null,
        1,
        1,
        1,
        1,
        null,
        4,
        4,
        null,
        1,
        1,
        null,
        1,
        55,
        55,
        0,
        null,
        null,
        null,
        null,
        1,
        0,
        0,
        0,
        null,
        null,
        1,
        0,
        0,
        null,
        null,
        1,
        6,
        3,
        null,
        null,
        null,
        null,
        null
      ],
      "/media/ExternalSD/Other/RoR/ratebeer/app/models/membership.rb": [
        1,
        1,
        1,
        null,
        1,
        null,
        1,
        1,
        null
      ],
      "/media/ExternalSD/Other/RoR/ratebeer/app/controllers/memberships_controller.rb": [
        1,
        1,
        null,
        null,
        null,
        1,
        0,
        null,
        null,
        null,
        null,
        1,
        null,
        null,
        null,
        1,
        0,
        0,
        null,
        null,
        null,
        null,
        1,
        null,
        null,
        null,
        null,
        1,
        0,
        null,
        0,
        0,
        0,
        0,
        null,
        null,
        0,
        0,
        0,
        0,
        null,
        0,
        0,
        null,
        null,
        null,
        null,
        null,
        null,
        1,
        0,
        0,
        0,
        0,
        null,
        0,
        0,
        null,
        null,
        null,
        null,
        null,
        null,
        1,
        0,
        0,
        0,
        0,
        null,
        null,
        null,
        null,
        1,
        null,
        1,
        0,
        null,
        null,
        null,
        1,
        0,
        null,
        null
      ],
      "/media/ExternalSD/Other/RoR/ratebeer/app/models/style.rb": [
        1,
        1,
        null,
        1,
        null,
        1,
        2,
        null,
        null,
        1,
        9,
        3,
        null,
        null,
        null,
        1,
        6,
        18,
        6,
        12,
        null,
        12,
        6,
        6,
        6,
        null,
        0,
        null,
        null,
        null,
        null,
        null,
        null
      ],
      "/media/ExternalSD/Other/RoR/ratebeer/app/controllers/sessions_controller.rb": [
        null,
        1,
        1,
        null,
        null,
        null,
        1,
        0,
        null,
        null,
        1,
        12,
        null,
        null,
        null,
        12,
        0,
        12,
        11,
        11,
        null,
        1,
        null,
        null,
        null,
        1,
        null,
        0,
        null,
        0,
        null,
        null
      ],
      "/media/ExternalSD/Other/RoR/ratebeer/app/controllers/users_controller.rb": [
        1,
        1,
        1,
        null,
        null,
        null,
        1,
        null,
        0,
        null,
        null,
        null,
        null,
        1,
        null,
        null,
        null,
        1,
        1,
        null,
        null,
        null,
        1,
        null,
        null,
        null,
        null,
        1,
        1,
        null,
        1,
        1,
        2,
        1,
        null,
        0,
        0,
        null,
        null,
        null,
        null,
        null,
        null,
        1,
        0,
        0,
        0,
        0,
        null,
        0,
        0,
        null,
        null,
        null,
        null,
        null,
        null,
        1,
        0,
        0,
        0,
        0,
        0,
        null,
        null,
        null,
        1,
        0,
        0,
        0,
        0,
        0,
        null,
        null,
        null,
        null,
        null,
        1,
        null,
        1,
        19,
        null,
        null,
        null,
        1,
        1,
        null,
        null
      ],
      "/media/ExternalSD/Other/RoR/ratebeer/app/controllers/beers_controller.rb": [
        1,
        1,
        1,
        1,
        1,
        null,
        null,
        1,
        9,
        9,
        null,
        null,
        null,
        null,
        1,
        9,
        null,
        9,
        34,
        0,
        0,
        null,
        null,
        null,
        null,
        null,
        1,
        null,
        null,
        1,
        null,
        null,
        null,
        null,
        null,
        null,
        1,
        0,
        0,
        null,
        null,
        null,
        1,
        2,
        null,
        null,
        null,
        1,
        null,
        null,
        null,
        null,
        1,
        8,
        2,
        null,
        2,
        2,
        2,
        1,
        null,
        null,
        2,
        1,
        null,
        null,
        null,
        null,
        null,
        null,
        null,
        1,
        0,
        0,
        0,
        0,
        0,
        null,
        0,
        0,
        null,
        null,
        null,
        null,
        null,
        null,
        1,
        0,
        0,
        0,
        0,
        0,
        null,
        null,
        null,
        1,
        4,
        4,
        null,
        null,
        null,
        null,
        1,
        0,
        null,
        null,
        null,
        1,
        2,
        null,
        null
      ],
      "/media/ExternalSD/Other/RoR/ratebeer/app/controllers/breweries_controller.rb": [
        1,
        1,
        1,
        1,
        null,
        1,
        3,
        3,
        null,
        null,
        null,
        null,
        1,
        3,
        3,
        3,
        null,
        null,
        3,
        3,
        0,
        null,
        null,
        3,
        9,
        0,
        null,
        null,
        3,
        null,
        0,
        0,
        0,
        null,
        null,
        0,
        0,
        0,
        null,
        0,
        null,
        3,
        null,
        3,
        null,
        null,
        null,
        1,
        null,
        null,
        null,
        null,
        null,
        1,
        null,
        null,
        null,
        1,
        0,
        null,
        null,
        null,
        1,
        null,
        null,
        null,
        null,
        1,
        0,
        0,
        null,
        0,
        0,
        0,
        0,
        null,
        0,
        0,
        null,
        null,
        null,
        null,
        null,
        null,
        1,
        0,
        0,
        0,
        0,
        0,
        null,
        0,
        0,
        null,
        null,
        null,
        null,
        null,
        null,
        1,
        0,
        0,
        0,
        0,
        0,
        null,
        null,
        null,
        1,
        0,
        0,
        null,
        0,
        null,
        0,
        null,
        null,
        null,
        null,
        1,
        null,
        1,
        1,
        null,
        null,
        null,
        1,
        0,
        null,
        null,
        null,
        null
      ],
      "/media/ExternalSD/Other/RoR/ratebeer/lib/beermapping_api.rb": [
        1,
        1,
        6,
        10,
        null,
        null,
        1,
        0,
        null,
        null,
        1,
        null,
        1,
        4,
        4,
        4,
        4,
        null,
        3,
        3,
        4,
        null,
        null,
        null,
        1,
        0,
        0,
        0,
        null,
        null,
        null,
        1,
        1,
        4,
        null,
        null,
        null,
        null
      ],
      "/media/ExternalSD/Other/RoR/ratebeer/app/models/place.rb": [
        1,
        1,
        1,
        null,
        1,
        5,
        null,
        null
      ],
      "/media/ExternalSD/Other/RoR/ratebeer/app/controllers/places_controller.rb": [
        1,
        null,
        null,
        1,
        null,
        null,
        1,
        3,
        3,
        1,
        null,
        2,
        null,
        null,
        null,
        1,
        0,
        null,
        null
      ],
      "/media/ExternalSD/Other/RoR/ratebeer/app/controllers/ratings_controller.rb": [
        1,
        null,
        1,
        2,
        2,
        2,
        2,
        2,
        null,
        null,
        1,
        10,
        null,
        null,
        null,
        null,
        1,
        null,
        null,
        null,
        2,
        2,
        2,
        2,
        2,
        2,
        null,
        2,
        1,
        null,
        1,
        null,
        null,
        2,
        1,
        null,
        1,
        null,
        null,
        2,
        1,
        null,
        1,
        null,
        null,
        2,
        1,
        null,
        1,
        null,
        null,
        2,
        1,
        null,
        1,
        null,
        null,
        null,
        null,
        2,
        null,
        null,
        1,
        1,
        1,
        null,
        null,
        1,
        1,
        null,
        1,
        0,
        1,
        1,
        1,
        null,
        0,
        0,
        null,
        null,
        null,
        1,
        1,
        1,
        1,
        null,
        null,
        null
      ]
    },
    "timestamp": 1424551997
  }
}
