{
  "RSpec": {
    "coverage": {
      "/home/kride/Desktop/Koulu/RoR/RoRBeerRater/app/models/user.rb": [
        1,
        1,
        null,
        1,
        null,
        1,
        1,
        1,
        1,
        null,
        1,
        1,
        1,
        null,
        1,
        3,
        2,
        null,
        null,
        1,
        7,
        6,
        null,
        null,
        1,
        12,
        11,
        null,
        null,
        null,
        null
      ],
      "/home/kride/Desktop/Koulu/RoR/RoRBeerRater/app/models/concerns/rating_average.rb": [
        1,
        1,
        null,
        null,
        1,
        null,
        7,
        10,
        7,
        7,
        null,
        null,
        null
      ],
      "/home/kride/Desktop/Koulu/RoR/RoRBeerRater/app/models/rating.rb": [
        1,
        1,
        1,
        null,
        1,
        null,
        null,
        null,
        1,
        7,
        null,
        null,
        null
      ],
      "/home/kride/Desktop/Koulu/RoR/RoRBeerRater/app/helpers/application_helper.rb": [
        1,
        null
      ],
      "/home/kride/Desktop/Koulu/RoR/RoRBeerRater/app/helpers/beer_clubs_helper.rb": [
        1,
        null
      ],
      "/home/kride/Desktop/Koulu/RoR/RoRBeerRater/app/helpers/beers_helper.rb": [
        1,
        null
      ],
      "/home/kride/Desktop/Koulu/RoR/RoRBeerRater/app/helpers/breweries_helper.rb": [
        1,
        null
      ],
      "/home/kride/Desktop/Koulu/RoR/RoRBeerRater/app/helpers/memberships_helper.rb": [
        1,
        null
      ],
      "/home/kride/Desktop/Koulu/RoR/RoRBeerRater/app/helpers/users_helper.rb": [
        1,
        null
      ],
      "/home/kride/Desktop/Koulu/RoR/RoRBeerRater/app/models/beer_club.rb": [
        1,
        1,
        1,
        null
      ],
      "/home/kride/Desktop/Koulu/RoR/RoRBeerRater/app/controllers/beer_clubs_controller.rb": [
        1,
        1,
        1,
        null,
        null,
        null,
        1,
        0,
        null,
        null,
        null,
        null,
        1,
        null,
        null,
        null,
        1,
        0,
        null,
        null,
        null,
        1,
        null,
        null,
        null,
        null,
        1,
        0,
        null,
        0,
        0,
        0,
        0,
        null,
        0,
        0,
        null,
        null,
        null,
        null,
        null,
        null,
        1,
        0,
        0,
        0,
        0,
        null,
        0,
        0,
        null,
        null,
        null,
        null,
        null,
        null,
        1,
        0,
        0,
        0,
        0,
        null,
        null,
        null,
        1,
        null,
        1,
        0,
        null,
        null,
        null,
        1,
        0,
        null,
        null
      ],
      "/home/kride/Desktop/Koulu/RoR/RoRBeerRater/app/controllers/application_controller.rb": [
        1,
        null,
        null,
        1,
        null,
        null,
        1,
        null,
        1,
        436,
        286,
        null,
        null,
        1,
        4,
        null,
        null,
        null
      ],
      "/home/kride/Desktop/Koulu/RoR/RoRBeerRater/app/models/beer.rb": [
        1,
        1,
        null,
        1,
        1,
        null,
        1,
        1,
        1,
        null,
        null,
        1,
        2,
        null,
        null,
        null,
        null,
        null
      ],
      "/home/kride/Desktop/Koulu/RoR/RoRBeerRater/app/models/brewery.rb": [
        1,
        1,
        null,
        1,
        1,
        1,
        1,
        null,
        1,
        1,
        null,
        1,
        41,
        41,
        0,
        null,
        null,
        null,
        null,
        1,
        0,
        0,
        0,
        null,
        null,
        1,
        0,
        0,
        null,
        null,
        null,
        null
      ],
      "/home/kride/Desktop/Koulu/RoR/RoRBeerRater/app/models/membership.rb": [
        1,
        1,
        1,
        null,
        1,
        null,
        null
      ],
      "/home/kride/Desktop/Koulu/RoR/RoRBeerRater/app/controllers/memberships_controller.rb": [
        1,
        1,
        null,
        null,
        null,
        1,
        0,
        null,
        null,
        null,
        null,
        1,
        null,
        null,
        null,
        1,
        0,
        0,
        null,
        null,
        null,
        1,
        null,
        null,
        null,
        null,
        1,
        0,
        null,
        0,
        0,
        0,
        0,
        0,
        null,
        0,
        0,
        null,
        null,
        null,
        null,
        null,
        null,
        1,
        0,
        0,
        0,
        0,
        null,
        0,
        0,
        null,
        null,
        null,
        null,
        null,
        null,
        1,
        0,
        0,
        0,
        0,
        null,
        null,
        null,
        1,
        null,
        1,
        0,
        null,
        null,
        null,
        1,
        0,
        null,
        null
      ],
      "/home/kride/Desktop/Koulu/RoR/RoRBeerRater/app/controllers/sessions_controller.rb": [
        null,
        1,
        1,
        null,
        null,
        null,
        1,
        12,
        12,
        11,
        11,
        null,
        1,
        null,
        null,
        null,
        1,
        null,
        0,
        null,
        0,
        null,
        null
      ],
      "/home/kride/Desktop/Koulu/RoR/RoRBeerRater/app/controllers/users_controller.rb": [
        1,
        1,
        null,
        null,
        null,
        1,
        0,
        null,
        null,
        null,
        null,
        1,
        null,
        null,
        null,
        1,
        1,
        null,
        null,
        null,
        1,
        null,
        null,
        null,
        null,
        1,
        1,
        null,
        1,
        1,
        2,
        1,
        null,
        0,
        0,
        null,
        null,
        null,
        null,
        null,
        null,
        1,
        0,
        0,
        0,
        0,
        null,
        0,
        0,
        null,
        null,
        null,
        null,
        null,
        null,
        1,
        0,
        0,
        0,
        0,
        0,
        null,
        null,
        null,
        1,
        null,
        1,
        19,
        null,
        null,
        null,
        1,
        1,
        null,
        null
      ],
      "/home/kride/Desktop/Koulu/RoR/RoRBeerRater/app/controllers/beers_controller.rb": [
        1,
        1,
        1,
        1,
        null,
        null,
        null,
        1,
        1,
        null,
        null,
        null,
        null,
        1,
        null,
        null,
        null,
        1,
        2,
        null,
        null,
        null,
        1,
        null,
        null,
        null,
        null,
        1,
        2,
        null,
        2,
        2,
        2,
        1,
        null,
        null,
        2,
        1,
        null,
        null,
        null,
        null,
        null,
        null,
        null,
        1,
        0,
        0,
        0,
        0,
        null,
        0,
        0,
        null,
        null,
        null,
        null,
        null,
        null,
        1,
        0,
        0,
        0,
        0,
        null,
        null,
        null,
        1,
        4,
        4,
        null,
        null,
        1,
        null,
        1,
        0,
        null,
        null,
        null,
        1,
        2,
        null,
        null
      ],
      "/home/kride/Desktop/Koulu/RoR/RoRBeerRater/app/controllers/breweries_controller.rb": [
        1,
        1,
        1,
        null,
        null,
        null,
        1,
        3,
        null,
        null,
        null,
        null,
        1,
        null,
        null,
        null,
        1,
        0,
        null,
        null,
        null,
        1,
        null,
        null,
        null,
        null,
        1,
        0,
        null,
        0,
        0,
        0,
        0,
        null,
        0,
        0,
        null,
        null,
        null,
        null,
        null,
        null,
        1,
        0,
        0,
        0,
        0,
        null,
        0,
        0,
        null,
        null,
        null,
        null,
        null,
        null,
        1,
        0,
        0,
        0,
        0,
        null,
        null,
        null,
        1,
        null,
        1,
        1,
        null,
        null,
        null,
        1,
        0,
        null,
        null,
        null,
        null
      ],
      "/home/kride/Desktop/Koulu/RoR/RoRBeerRater/app/controllers/ratings_controller.rb": [
        1,
        1,
        2,
        null,
        null,
        1,
        1,
        1,
        null,
        null,
        1,
        1,
        null,
        1,
        0,
        1,
        1,
        1,
        null,
        0,
        0,
        null,
        null,
        null,
        1,
        1,
        1,
        1,
        null,
        null,
        null
      ]
    },
    "timestamp": 1422811641
  }
}
